<?xml version="1.0" encoding="UTF-8"?>
<!-- Generated by org.testng.reporters.JUnitReportReporter -->
<testsuite hostname="IN-PG02A6JS" failures="0" tests="1" name="testcases.SortMobilePriceTest" time="1.206" errors="0" timestamp="2023-01-07T00:17:05 IST" skipped="0">
  <testcase classname="testcases.SortMobilePriceTest" name="sortMobilePriceTest" time="1.206"/>
  <system-out/>
</testsuite> <!-- testcases.SortMobilePriceTest -->
