<?xml version="1.0" encoding="UTF-8"?>
<!-- Generated by org.testng.reporters.JUnitReportReporter -->
<testsuite hostname="IN-PG02A6JS" failures="0" tests="1" name="testcases.SellerLoginTest" time="75.247" errors="0" timestamp="2023-01-10T20:17:21 IST" skipped="0">
  <testcase classname="testcases.SellerLoginTest" name="loginSeller" time="75.247"/>
  <system-out/>
</testsuite> <!-- testcases.SellerLoginTest -->
