<?xml version="1.0" encoding="UTF-8"?>
<!-- Generated by org.testng.reporters.JUnitReportReporter -->
<testsuite hostname="IN-PG02A6JS" failures="0" tests="1" name="testcases.CustomerReviewsTest" time="2.060" errors="0" timestamp="2023-01-07T00:17:05 IST" skipped="0">
  <testcase classname="testcases.CustomerReviewsTest" name="customerReviews" time="2.060"/>
  <system-out/>
</testsuite> <!-- testcases.CustomerReviewsTest -->
