<?xml version="1.0" encoding="UTF-8"?>
<!-- Generated by org.testng.reporters.JUnitReportReporter -->
<testsuite hostname="IN-PG02A6JS" failures="0" tests="1" name="testcases.HelpCenterTest" time="60.278" errors="0" timestamp="2023-01-10T20:17:21 IST" skipped="0">
  <testcase classname="testcases.HelpCenterTest" name="cartSectionTest" time="60.278"/>
  <system-out/>
</testsuite> <!-- testcases.HelpCenterTest -->
