<?xml version="1.0" encoding="UTF-8"?>
<!-- Generated by org.testng.reporters.JUnitReportReporter -->
<testsuite hostname="IN-PG02A6JS" failures="0" tests="1" name="testcases.GrocerySectionTest" time="0.260" errors="0" timestamp="2023-01-07T00:17:05 IST" skipped="0">
  <testcase classname="testcases.GrocerySectionTest" name="grocerySectionTest" time="0.260"/>
  <system-out/>
</testsuite> <!-- testcases.GrocerySectionTest -->
